<?xml version="1.0" encoding="UTF-8"?>
<testng-results skipped="0" failed="0" total="1" passed="1">
  <reporter-output>
  </reporter-output>
  <suite name="Command line suite" duration-ms="35470" started-at="2014-12-26T10:26:18Z" finished-at="2014-12-26T10:26:53Z">
    <groups>
    </groups>
    <test name="Command line test" duration-ms="35470" started-at="2014-12-26T10:26:18Z" finished-at="2014-12-26T10:26:53Z">
      <class name="com.exemple.tests.LoginTest">
        <test-method status="PASS" signature="testLogin()[pri:0, instance:com.exemple.tests.LoginTest@5c86a017]" name="testLogin" duration-ms="35088" started-at="2014-12-26T12:26:18Z" finished-at="2014-12-26T12:26:53Z">
          <reporter-output>
          </reporter-output>
        </test-method> <!-- testLogin -->
        <test-method status="PASS" signature="tearDown()[pri:0, instance:com.exemple.tests.LoginTest@5c86a017]" name="tearDown" is-config="true" duration-ms="355" started-at="2014-12-26T12:26:53Z" finished-at="2014-12-26T12:26:53Z">
          <reporter-output>
          </reporter-output>
        </test-method> <!-- tearDown -->
      </class> <!-- com.exemple.tests.LoginTest -->
    </test> <!-- Command line test -->
  </suite> <!-- Command line suite -->
</testng-results>
